<?xml version="1.0" encoding="UTF-8"?>
<testsuite name="SolutionTest" tests="1" skipped="0" failures="0" errors="0" timestamp="2022-02-24T06:07:22" hostname="soulchikin-ui-MacBookAir.local" time="0.007">
  <properties/>
  <testcase name="solutionTest()" classname="SolutionTest" time="0.007"/>
  <system-out><![CDATA[[0, 0, 0, 0, 0, 0]
[0, 0, 0, 0, 1, 0]
[0, 0, 0, 1]
]]></system-out>
  <system-err><![CDATA[]]></system-err>
</testsuite>
