<?xml version="1.0" encoding="UTF-8"?>
<testsuite name="SolutionTest" tests="1" skipped="0" failures="0" errors="0" timestamp="2022-02-22T04:55:28" hostname="soulchikin-ui-MacBookAir.local" time="0.007">
  <properties/>
  <testcase name="step1()" classname="SolutionTest" time="0.007"/>
  <system-out><![CDATA[]]></system-out>
  <system-err><![CDATA[]]></system-err>
</testsuite>
